<?xml version="1.0" encoding="UTF-8"?>
<!-- Generated by org.testng.reporters.JUnitReportReporter -->
<testsuite hostname="INFBA30542" name="com.lti.apptesting.RunnerWeb" tests="1" failures="0" timestamp="10 Jul 2019 14:49:27 GMT" time="11.374" errors="0">
  <testcase name="testing" time="11.374" classname="com.lti.apptesting.RunnerWeb"/>
</testsuite> <!-- com.lti.apptesting.RunnerWeb -->
